0 info it worked if it ends with ok
1 verbose cli [ '/usr/bin/nodejs', '/usr/bin/npm', 'run', 'webpack' ]
2 info using npm@3.10.10
3 info using node@v6.9.5
4 verbose run-script [ 'prewebpack', 'webpack', 'postwebpack' ]
5 info lifecycle pocathon@1.0.0~prewebpack: pocathon@1.0.0
6 silly lifecycle pocathon@1.0.0~prewebpack: no script for prewebpack, continuing
7 info lifecycle pocathon@1.0.0~webpack: pocathon@1.0.0
8 verbose lifecycle pocathon@1.0.0~webpack: unsafe-perm in lifecycle true
9 verbose lifecycle pocathon@1.0.0~webpack: PATH: /usr/lib/node_modules/npm/bin/node-gyp-bin:/home/sii/POCKATON/vuejs/pocathon/node_modules/.bin:/usr/local/sbin:/usr/local/bin:/usr/sbin:/usr/bin:/sbin:/bin:/usr/games:/usr/local/games:/usr/lib/jvm/java-8-oracle/bin:/usr/lib/jvm/java-8-oracle/db/bin:/usr/lib/jvm/java-8-oracle/jre/bin
10 verbose lifecycle pocathon@1.0.0~webpack: CWD: /home/sii/POCKATON/vuejs/pocathon
11 silly lifecycle pocathon@1.0.0~webpack: Args: [ '-c', 'webpack-dev-server --inline --hot --content-base' ]
12 silly lifecycle pocathon@1.0.0~webpack: Returned: code: 1  signal: null
13 info lifecycle pocathon@1.0.0~webpack: Failed to exec webpack script
14 verbose stack Error: pocathon@1.0.0 webpack: `webpack-dev-server --inline --hot --content-base`
14 verbose stack Exit status 1
14 verbose stack     at EventEmitter.<anonymous> (/usr/lib/node_modules/npm/lib/utils/lifecycle.js:255:16)
14 verbose stack     at emitTwo (events.js:106:13)
14 verbose stack     at EventEmitter.emit (events.js:191:7)
14 verbose stack     at ChildProcess.<anonymous> (/usr/lib/node_modules/npm/lib/utils/spawn.js:40:14)
14 verbose stack     at emitTwo (events.js:106:13)
14 verbose stack     at ChildProcess.emit (events.js:191:7)
14 verbose stack     at maybeClose (internal/child_process.js:877:16)
14 verbose stack     at Process.ChildProcess._handle.onexit (internal/child_process.js:226:5)
15 verbose pkgid pocathon@1.0.0
16 verbose cwd /home/sii/POCKATON/vuejs/pocathon
17 error Linux 3.13.0-108-generic
18 error argv "/usr/bin/nodejs" "/usr/bin/npm" "run" "webpack"
19 error node v6.9.5
20 error npm  v3.10.10
21 error code ELIFECYCLE
22 error pocathon@1.0.0 webpack: `webpack-dev-server --inline --hot --content-base`
22 error Exit status 1
23 error Failed at the pocathon@1.0.0 webpack script 'webpack-dev-server --inline --hot --content-base'.
23 error Make sure you have the latest version of node.js and npm installed.
23 error If you do, this is most likely a problem with the pocathon package,
23 error not with npm itself.
23 error Tell the author that this fails on your system:
23 error     webpack-dev-server --inline --hot --content-base
23 error You can get information on how to open an issue for this project with:
23 error     npm bugs pocathon
23 error Or if that isn't available, you can get their info via:
23 error     npm owner ls pocathon
23 error There is likely additional logging output above.
24 verbose exit [ 1, true ]
